<?xml version="1.0" encoding="UTF-8"?>
<coverage generated="1741069124844" clover="3.2.0">
  <project timestamp="1741069124844" name="All files">
    <metrics statements="236" coveredstatements="148" conditionals="160" coveredconditionals="20" methods="33" coveredmethods="17" elements="429" coveredelements="185" complexity="0" loc="236" ncloc="236" packages="7" files="15" classes="15"/>
    <package name="src">
      <metrics statements="40" coveredstatements="36" conditionals="9" coveredconditionals="6" methods="10" coveredmethods="7"/>
      <file name="constants.ts" path="/home/nitin/Documents/DesignDev1/backend/src/constants.ts">
        <metrics statements="4" coveredstatements="4" conditionals="0" coveredconditionals="0" methods="0" coveredmethods="0"/>
        <line num="1" count="4" type="stmt"/>
        <line num="2" count="4" type="stmt"/>
        <line num="3" count="4" type="stmt"/>
        <line num="5" count="4" type="stmt"/>
      </file>
      <file name="prompt.ts" path="/home/nitin/Documents/DesignDev1/backend/src/prompt.ts">
        <metrics statements="6" coveredstatements="5" conditionals="1" coveredconditionals="0" methods="2" coveredmethods="0"/>
        <line num="1" count="4" type="stmt"/>
        <line num="2" count="4" type="stmt"/>
        <line num="4" count="4" type="stmt"/>
        <line num="6" count="4" type="cond" truecount="0" falsecount="1"/>
        <line num="41" count="0" type="stmt"/>
        <line num="282" count="4" type="stmt"/>
      </file>
      <file name="server.ts" path="/home/nitin/Documents/DesignDev1/backend/src/server.ts">
        <metrics statements="21" coveredstatements="19" conditionals="3" coveredconditionals="2" methods="4" coveredmethods="3"/>
        <line num="1" count="4" type="stmt"/>
        <line num="2" count="4" type="stmt"/>
        <line num="3" count="4" type="stmt"/>
        <line num="4" count="4" type="stmt"/>
        <line num="5" count="4" type="stmt"/>
        <line num="8" count="4" type="stmt"/>
        <line num="10" count="4" type="stmt"/>
        <line num="13" count="4" type="stmt"/>
        <line num="14" count="4" type="stmt"/>
        <line num="17" count="4" type="stmt"/>
        <line num="20" count="4" type="stmt"/>
        <line num="21" count="6" type="stmt"/>
        <line num="24" count="4" type="stmt"/>
        <line num="25" count="8" type="stmt"/>
        <line num="28" count="4" type="stmt"/>
        <line num="29" count="8" type="stmt"/>
        <line num="33" count="4" type="cond" truecount="2" falsecount="0"/>
        <line num="36" count="4" type="cond" truecount="0" falsecount="1"/>
        <line num="37" count="0" type="stmt"/>
        <line num="38" count="0" type="stmt"/>
        <line num="43" count="4" type="stmt"/>
      </file>
      <file name="stripindents.ts" path="/home/nitin/Documents/DesignDev1/backend/src/stripindents.ts">
        <metrics statements="9" coveredstatements="8" conditionals="5" coveredconditionals="4" methods="4" coveredmethods="4"/>
        <line num="3" count="4" type="stmt"/>
        <line num="4" count="4" type="cond" truecount="1" falsecount="0"/>
        <line num="5" count="4" type="stmt"/>
        <line num="6" count="4" type="cond" truecount="3" falsecount="1"/>
        <line num="7" count="4" type="stmt"/>
        <line num="10" count="4" type="stmt"/>
        <line num="13" count="0" type="stmt"/>
        <line num="17" count="4" type="stmt"/>
        <line num="19" count="16" type="stmt"/>
      </file>
    </package>
    <package name="src.config">
      <metrics statements="27" coveredstatements="21" conditionals="7" coveredconditionals="4" methods="4" coveredmethods="4"/>
      <file name="database.ts" path="/home/nitin/Documents/DesignDev1/backend/src/config/database.ts">
        <metrics statements="17" coveredstatements="11" conditionals="5" coveredconditionals="2" methods="2" coveredmethods="2"/>
        <line num="1" count="4" type="stmt"/>
        <line num="3" count="4" type="stmt"/>
        <line num="4" count="4" type="stmt"/>
        <line num="6" count="4" type="cond" truecount="1" falsecount="1"/>
        <line num="9" count="4" type="stmt"/>
        <line num="16" count="4" type="cond" truecount="1" falsecount="1"/>
        <line num="17" count="4" type="stmt"/>
        <line num="19" count="4" type="stmt"/>
        <line num="20" count="4" type="stmt"/>
        <line num="21" count="0" type="stmt"/>
        <line num="23" count="1" type="stmt"/>
        <line num="28" count="0" type="stmt"/>
        <line num="29" count="0" type="stmt"/>
        <line num="32" count="0" type="stmt"/>
        <line num="34" count="0" type="cond" truecount="0" falsecount="1"/>
        <line num="35" count="0" type="stmt"/>
        <line num="40" count="4" type="stmt"/>
      </file>
      <file name="jwt.ts" path="/home/nitin/Documents/DesignDev1/backend/src/config/jwt.ts">
        <metrics statements="10" coveredstatements="10" conditionals="2" coveredconditionals="2" methods="2" coveredmethods="2"/>
        <line num="1" count="6" type="stmt"/>
        <line num="4" count="6" type="cond" truecount="2" falsecount="0"/>
        <line num="5" count="6" type="stmt"/>
        <line num="7" count="6" type="stmt"/>
        <line num="8" count="3" type="stmt"/>
        <line num="19" count="6" type="stmt"/>
        <line num="20" count="3" type="stmt"/>
        <line num="21" count="3" type="stmt"/>
        <line num="23" count="2" type="stmt"/>
        <line num="27" count="6" type="stmt"/>
      </file>
    </package>
    <package name="src.controllers">
      <metrics statements="106" coveredstatements="52" conditionals="135" coveredconditionals="9" methods="13" coveredmethods="6"/>
      <file name="aiController.ts" path="/home/nitin/Documents/DesignDev1/backend/src/controllers/aiController.ts">
        <metrics statements="64" coveredstatements="10" conditionals="126" coveredconditionals="0" methods="7" coveredmethods="0"/>
        <line num="2" count="4" type="stmt"/>
        <line num="3" count="4" type="stmt"/>
        <line num="4" count="4" type="stmt"/>
        <line num="5" count="4" type="stmt"/>
        <line num="7" count="4" type="stmt"/>
        <line num="8" count="4" type="stmt"/>
        <line num="13" count="4" type="stmt"/>
        <line num="14" count="0" type="stmt"/>
        <line num="15" count="0" type="stmt"/>
        <line num="18" count="0" type="cond" truecount="0" falsecount="1"/>
        <line num="19" count="0" type="stmt"/>
        <line num="22" count="0" type="cond" truecount="0" falsecount="1"/>
        <line num="23" count="0" type="stmt"/>
        <line num="26" count="0" type="stmt"/>
        <line num="27" count="0" type="stmt"/>
        <line num="36" count="0" type="cond" truecount="0" falsecount="24"/>
        <line num="39" count="0" type="cond" truecount="0" falsecount="1"/>
        <line num="40" count="0" type="stmt"/>
        <line num="43" count="0" type="stmt"/>
        <line num="45" count="0" type="cond" truecount="0" falsecount="1"/>
        <line num="46" count="0" type="stmt"/>
        <line num="50" count="0" type="stmt"/>
        <line num="53" count="0" type="cond" truecount="0" falsecount="1"/>
        <line num="54" count="0" type="stmt"/>
        <line num="58" count="0" type="stmt"/>
        <line num="61" count="0" type="stmt"/>
        <line num="63" count="0" type="cond" truecount="0" falsecount="10"/>
        <line num="64" count="0" type="stmt"/>
        <line num="71" count="4" type="stmt"/>
        <line num="72" count="0" type="stmt"/>
        <line num="75" count="0" type="cond" truecount="0" falsecount="1"/>
        <line num="76" count="0" type="stmt"/>
        <line num="79" count="0" type="cond" truecount="0" falsecount="3"/>
        <line num="80" count="0" type="stmt"/>
        <line num="83" count="0" type="stmt"/>
        <line num="84" count="0" type="stmt"/>
        <line num="92" count="0" type="stmt"/>
        <line num="96" count="0" type="cond" truecount="0" falsecount="10"/>
        <line num="97" count="0" type="stmt"/>
        <line num="104" count="4" type="stmt"/>
        <line num="105" count="0" type="stmt"/>
        <line num="108" count="0" type="cond" truecount="0" falsecount="1"/>
        <line num="109" count="0" type="stmt"/>
        <line num="112" count="0" type="cond" truecount="0" falsecount="3"/>
        <line num="113" count="0" type="stmt"/>
        <line num="117" count="0" type="cond" truecount="0" falsecount="4"/>
        <line num="121" count="0" type="cond" truecount="0" falsecount="1"/>
        <line num="122" count="0" type="stmt"/>
        <line num="126" count="0" type="stmt"/>
        <line num="128" count="0" type="stmt"/>
        <line num="129" count="0" type="stmt"/>
        <line num="130" count="0" type="stmt"/>
        <line num="131" count="0" type="stmt"/>
        <line num="134" count="0" type="stmt"/>
        <line num="142" count="0" type="cond" truecount="0" falsecount="26"/>
        <line num="145" count="0" type="cond" truecount="0" falsecount="2"/>
        <line num="147" count="0" type="stmt"/>
        <line num="148" count="0" type="stmt"/>
        <line num="150" count="0" type="stmt"/>
        <line num="153" count="0" type="stmt"/>
        <line num="154" count="0" type="stmt"/>
        <line num="156" count="0" type="cond" truecount="0" falsecount="10"/>
        <line num="157" count="0" type="stmt"/>
        <line num="161" count="4" type="stmt"/>
      </file>
      <file name="authController.ts" path="/home/nitin/Documents/DesignDev1/backend/src/controllers/authController.ts">
        <metrics statements="42" coveredstatements="42" conditionals="9" coveredconditionals="9" methods="6" coveredmethods="6"/>
        <line num="2" count="5" type="stmt"/>
        <line num="3" count="5" type="stmt"/>
        <line num="4" count="5" type="stmt"/>
        <line num="9" count="5" type="stmt"/>
        <line num="10" count="5" type="stmt"/>
        <line num="12" count="5" type="stmt"/>
        <line num="13" count="5" type="cond" truecount="1" falsecount="0"/>
        <line num="14" count="1" type="stmt"/>
        <line num="17" count="4" type="stmt"/>
        <line num="20" count="4" type="stmt"/>
        <line num="22" count="3" type="cond" truecount="1" falsecount="0"/>
        <line num="23" count="1" type="stmt"/>
        <line num="27" count="2" type="stmt"/>
        <line num="33" count="2" type="cond" truecount="2" falsecount="0"/>
        <line num="34" count="1" type="stmt"/>
        <line num="41" count="1" type="stmt"/>
        <line num="44" count="1" type="stmt"/>
        <line num="45" count="1" type="stmt"/>
        <line num="52" count="7" type="stmt"/>
        <line num="53" count="7" type="stmt"/>
        <line num="55" count="7" type="stmt"/>
        <line num="56" count="7" type="cond" truecount="1" falsecount="0"/>
        <line num="57" count="1" type="stmt"/>
        <line num="60" count="6" type="stmt"/>
        <line num="63" count="6" type="stmt"/>
        <line num="65" count="3" type="cond" truecount="1" falsecount="0"/>
        <line num="66" count="1" type="stmt"/>
        <line num="70" count="2" type="stmt"/>
        <line num="72" count="2" type="cond" truecount="1" falsecount="0"/>
        <line num="73" count="1" type="stmt"/>
        <line num="77" count="1" type="stmt"/>
        <line num="84" count="1" type="stmt"/>
        <line num="85" count="1" type="stmt"/>
        <line num="92" count="5" type="stmt"/>
        <line num="93" count="3" type="stmt"/>
        <line num="94" count="3" type="stmt"/>
        <line num="96" count="2" type="cond" truecount="2" falsecount="0"/>
        <line num="97" count="1" type="stmt"/>
        <line num="103" count="1" type="stmt"/>
        <line num="106" count="1" type="stmt"/>
        <line num="107" count="1" type="stmt"/>
        <line num="111" count="5" type="stmt"/>
      </file>
    </package>
    <package name="src.main">
      <metrics statements="2" coveredstatements="2" conditionals="0" coveredconditionals="0" methods="0" coveredmethods="0"/>
      <file name="node.ts" path="/home/nitin/Documents/DesignDev1/backend/src/main/node.ts">
        <metrics statements="1" coveredstatements="1" conditionals="0" coveredconditionals="0" methods="0" coveredmethods="0"/>
        <line num="2" count="4" type="stmt"/>
      </file>
      <file name="react.ts" path="/home/nitin/Documents/DesignDev1/backend/src/main/react.ts">
        <metrics statements="1" coveredstatements="1" conditionals="0" coveredconditionals="0" methods="0" coveredmethods="0"/>
        <line num="2" count="4" type="stmt"/>
      </file>
    </package>
    <package name="src.middleware">
      <metrics statements="19" coveredstatements="4" conditionals="6" coveredconditionals="0" methods="2" coveredmethods="0"/>
      <file name="auth.ts" path="/home/nitin/Documents/DesignDev1/backend/src/middleware/auth.ts">
        <metrics statements="19" coveredstatements="4" conditionals="6" coveredconditionals="0" methods="2" coveredmethods="0"/>
        <line num="2" count="4" type="stmt"/>
        <line num="3" count="4" type="stmt"/>
        <line num="14" count="4" type="stmt"/>
        <line num="18" count="0" type="cond" truecount="0" falsecount="3"/>
        <line num="19" count="0" type="stmt"/>
        <line num="21" count="0" type="stmt"/>
        <line num="24" count="0" type="stmt"/>
        <line num="26" count="0" type="cond" truecount="0" falsecount="1"/>
        <line num="27" count="0" type="stmt"/>
        <line num="31" count="0" type="stmt"/>
        <line num="33" count="0" type="cond" truecount="0" falsecount="1"/>
        <line num="34" count="0" type="stmt"/>
        <line num="38" count="0" type="stmt"/>
        <line num="39" count="0" type="stmt"/>
        <line num="41" count="0" type="stmt"/>
        <line num="42" count="0" type="stmt"/>
        <line num="46" count="0" type="cond" truecount="0" falsecount="1"/>
        <line num="47" count="0" type="stmt"/>
        <line num="51" count="4" type="stmt"/>
      </file>
    </package>
    <package name="src.models">
      <metrics statements="13" coveredstatements="6" conditionals="1" coveredconditionals="0" methods="2" coveredmethods="0"/>
      <file name="User.ts" path="/home/nitin/Documents/DesignDev1/backend/src/models/User.ts">
        <metrics statements="13" coveredstatements="6" conditionals="1" coveredconditionals="0" methods="2" coveredmethods="0"/>
        <line num="1" count="6" type="stmt"/>
        <line num="2" count="6" type="stmt"/>
        <line num="13" count="6" type="stmt"/>
        <line num="39" count="6" type="stmt"/>
        <line num="41" count="0" type="cond" truecount="0" falsecount="1"/>
        <line num="43" count="0" type="stmt"/>
        <line num="45" count="0" type="stmt"/>
        <line num="47" count="0" type="stmt"/>
        <line num="48" count="0" type="stmt"/>
        <line num="50" count="0" type="stmt"/>
        <line num="55" count="6" type="stmt"/>
        <line num="56" count="0" type="stmt"/>
        <line num="59" count="6" type="stmt"/>
      </file>
    </package>
    <package name="src.routes">
      <metrics statements="29" coveredstatements="27" conditionals="2" coveredconditionals="1" methods="2" coveredmethods="0"/>
      <file name="aiRoutes.ts" path="/home/nitin/Documents/DesignDev1/backend/src/routes/aiRoutes.ts">
        <metrics statements="10" coveredstatements="9" conditionals="2" coveredconditionals="1" methods="1" coveredmethods="0"/>
        <line num="1" count="4" type="stmt"/>
        <line num="2" count="4" type="stmt"/>
        <line num="3" count="4" type="stmt"/>
        <line num="5" count="4" type="stmt"/>
        <line num="8" count="4" type="cond" truecount="1" falsecount="1"/>
        <line num="10" count="0" type="stmt"/>
        <line num="15" count="4" type="stmt"/>
        <line num="20" count="4" type="stmt"/>
        <line num="25" count="4" type="stmt"/>
        <line num="27" count="4" type="stmt"/>
      </file>
      <file name="apiRoutes.ts" path="/home/nitin/Documents/DesignDev1/backend/src/routes/apiRoutes.ts">
        <metrics statements="10" coveredstatements="9" conditionals="0" coveredconditionals="0" methods="1" coveredmethods="0"/>
        <line num="1" count="4" type="stmt"/>
        <line num="2" count="4" type="stmt"/>
        <line num="3" count="4" type="stmt"/>
        <line num="4" count="4" type="stmt"/>
        <line num="6" count="4" type="stmt"/>
        <line num="9" count="4" type="stmt"/>
        <line num="12" count="4" type="stmt"/>
        <line num="15" count="4" type="stmt"/>
        <line num="16" count="0" type="stmt"/>
        <line num="19" count="4" type="stmt"/>
      </file>
      <file name="authRoutes.ts" path="/home/nitin/Documents/DesignDev1/backend/src/routes/authRoutes.ts">
        <metrics statements="9" coveredstatements="9" conditionals="0" coveredconditionals="0" methods="0" coveredmethods="0"/>
        <line num="1" count="4" type="stmt"/>
        <line num="2" count="4" type="stmt"/>
        <line num="3" count="4" type="stmt"/>
        <line num="4" count="4" type="stmt"/>
        <line num="6" count="4" type="stmt"/>
        <line num="11" count="4" type="stmt"/>
        <line num="24" count="4" type="stmt"/>
        <line num="36" count="4" type="stmt"/>
        <line num="38" count="4" type="stmt"/>
      </file>
    </package>
  </project>
</coverage>
