{"/home/nitin/Documents/DesignDev1/backend/src/constants.ts": {"path":"/home/nitin/Documents/DesignDev1/backend/src/constants.ts","statementMap":{"0":{"start":{"line":1,"column":13},"end":{"line":1,"column":39}},"1":{"start":{"line":2,"column":13},"end":{"line":2,"column":49}},"2":{"start":{"line":3,"column":13},"end":{"line":3,"column":64}},"3":{"start":{"line":5,"column":13},"end":{"line":54,"column":4}}},"fnMap":{},"branchMap":{},"s":{"0":4,"1":4,"2":4,"3":4},"f":{},"b":{}}
,"/home/nitin/Documents/DesignDev1/backend/src/prompt.ts": {"path":"/home/nitin/Documents/DesignDev1/backend/src/prompt.ts","statementMap":{"0":{"start":{"line":1,"column":0},"end":{"line":1,"column":84}},"1":{"start":{"line":2,"column":0},"end":{"line":2,"column":46}},"2":{"start":{"line":4,"column":13},"end":{"line":4,"column":584}},"3":{"start":{"line":6,"column":31},"end":{"line":280,"column":2}},"4":{"start":{"line":6,"column":59},"end":{"line":280,"column":2}},"5":{"start":{"line":41,"column":125},"end":{"line":41,"column":139}},"6":{"start":{"line":6,"column":13},"end":{"line":6,"column":31}},"7":{"start":{"line":282,"column":13},"end":{"line":285,"column":2}}},"fnMap":{"0":{"name":"(anonymous_0)","decl":{"start":{"line":6,"column":31},"end":{"line":6,"column":32}},"loc":{"start":{"line":6,"column":59},"end":{"line":280,"column":2}}},"1":{"name":"(anonymous_1)","decl":{"start":{"line":41,"column":112},"end":{"line":41,"column":113}},"loc":{"start":{"line":41,"column":125},"end":{"line":41,"column":139}}}},"branchMap":{"0":{"loc":{"start":{"line":6,"column":32},"end":{"line":6,"column":54}},"type":"default-arg","locations":[{"start":{"line":6,"column":46},"end":{"line":6,"column":54}}]}},"s":{"0":4,"1":4,"2":4,"3":4,"4":0,"5":0,"6":4,"7":4},"f":{"0":0,"1":0},"b":{"0":[0]}}
,"/home/nitin/Documents/DesignDev1/backend/src/server.ts": {"path":"/home/nitin/Documents/DesignDev1/backend/src/server.ts","statementMap":{"0":{"start":{"line":1,"column":0},"end":{"line":1,"column":27}},"1":{"start":{"line":2,"column":0},"end":{"line":2,"column":30}},"2":{"start":{"line":3,"column":0},"end":{"line":3,"column":24}},"3":{"start":{"line":4,"column":0},"end":{"line":4,"column":42}},"4":{"start":{"line":5,"column":0},"end":{"line":5,"column":43}},"5":{"start":{"line":8,"column":0},"end":{"line":8,"column":12}},"6":{"start":{"line":10,"column":12},"end":{"line":10,"column":21}},"7":{"start":{"line":13,"column":0},"end":{"line":13,"column":16}},"8":{"start":{"line":14,"column":0},"end":{"line":14,"column":24}},"9":{"start":{"line":17,"column":0},"end":{"line":17,"column":27}},"10":{"start":{"line":20,"column":0},"end":{"line":22,"column":3}},"11":{"start":{"line":21,"column":2},"end":{"line":21,"column":40}},"12":{"start":{"line":24,"column":0},"end":{"line":26,"column":3}},"13":{"start":{"line":25,"column":2},"end":{"line":25,"column":36}},"14":{"start":{"line":28,"column":0},"end":{"line":30,"column":3}},"15":{"start":{"line":29,"column":2},"end":{"line":29,"column":43}},"16":{"start":{"line":33,"column":13},"end":{"line":33,"column":37}},"17":{"start":{"line":36,"column":0},"end":{"line":40,"column":1}},"18":{"start":{"line":37,"column":4},"end":{"line":39,"column":7}},"19":{"start":{"line":38,"column":8},"end":{"line":38,"column":57}},"20":{"start":{"line":43,"column":0},"end":{"line":43,"column":19}}},"fnMap":{"0":{"name":"(anonymous_1)","decl":{"start":{"line":20,"column":22},"end":{"line":20,"column":23}},"loc":{"start":{"line":20,"column":35},"end":{"line":22,"column":1}}},"1":{"name":"(anonymous_2)","decl":{"start":{"line":24,"column":18},"end":{"line":24,"column":19}},"loc":{"start":{"line":24,"column":31},"end":{"line":26,"column":1}}},"2":{"name":"(anonymous_3)","decl":{"start":{"line":28,"column":25},"end":{"line":28,"column":26}},"loc":{"start":{"line":28,"column":38},"end":{"line":30,"column":1}}},"3":{"name":"(anonymous_4)","decl":{"start":{"line":37,"column":21},"end":{"line":37,"column":24}},"loc":{"start":{"line":37,"column":26},"end":{"line":39,"column":5}}}},"branchMap":{"0":{"loc":{"start":{"line":33,"column":13},"end":{"line":33,"column":37}},"type":"binary-expr","locations":[{"start":{"line":33,"column":13},"end":{"line":33,"column":29}},{"start":{"line":33,"column":33},"end":{"line":33,"column":37}}]},"1":{"loc":{"start":{"line":36,"column":0},"end":{"line":40,"column":1}},"type":"if","locations":[{"start":{"line":36,"column":0},"end":{"line":40,"column":1}}]}},"s":{"0":4,"1":4,"2":4,"3":4,"4":4,"5":4,"6":4,"7":4,"8":4,"9":4,"10":4,"11":6,"12":4,"13":8,"14":4,"15":8,"16":4,"17":4,"18":0,"19":0,"20":4},"f":{"0":6,"1":8,"2":8,"3":0},"b":{"0":[4,4],"1":[0]}}
,"/home/nitin/Documents/DesignDev1/backend/src/stripindents.ts": {"path":"/home/nitin/Documents/DesignDev1/backend/src/stripindents.ts","statementMap":{"0":{"start":{"line":3,"column":0},"end":{"line":3,"column":16}},"1":{"start":{"line":4,"column":2},"end":{"line":11,"column":3}},"2":{"start":{"line":5,"column":28},"end":{"line":8,"column":10}},"3":{"start":{"line":6,"column":6},"end":{"line":6,"column":38}},"4":{"start":{"line":7,"column":6},"end":{"line":7,"column":17}},"5":{"start":{"line":10,"column":4},"end":{"line":10,"column":42}},"6":{"start":{"line":13,"column":2},"end":{"line":13,"column":29}},"7":{"start":{"line":17,"column":2},"end":{"line":22,"column":28}},"8":{"start":{"line":19,"column":19},"end":{"line":19,"column":30}}},"fnMap":{"0":{"name":"stripIndents","decl":{"start":{"line":3,"column":16},"end":{"line":3,"column":28}},"loc":{"start":{"line":3,"column":82},"end":{"line":14,"column":1}}},"1":{"name":"(anonymous_1)","decl":{"start":{"line":5,"column":40},"end":{"line":5,"column":41}},"loc":{"start":{"line":5,"column":57},"end":{"line":8,"column":5}}},"2":{"name":"_stripIndents","decl":{"start":{"line":16,"column":9},"end":{"line":16,"column":22}},"loc":{"start":{"line":16,"column":36},"end":{"line":23,"column":1}}},"3":{"name":"(anonymous_3)","decl":{"start":{"line":19,"column":9},"end":{"line":19,"column":10}},"loc":{"start":{"line":19,"column":19},"end":{"line":19,"column":30}}}},"branchMap":{"0":{"loc":{"start":{"line":4,"column":2},"end":{"line":11,"column":3}},"type":"if","locations":[{"start":{"line":4,"column":2},"end":{"line":11,"column":3}}]},"1":{"loc":{"start":{"line":6,"column":21},"end":{"line":6,"column":36}},"type":"cond-expr","locations":[{"start":{"line":6,"column":30},"end":{"line":6,"column":34}},{"start":{"line":6,"column":34},"end":{"line":6,"column":36}}]},"2":{"loc":{"start":{"line":6,"column":21},"end":{"line":6,"column":34}},"type":"binary-expr","locations":[{"start":{"line":6,"column":21},"end":{"line":6,"column":34}},{"start":{"line":6,"column":30},"end":{"line":6,"column":34}}]}},"s":{"0":4,"1":4,"2":4,"3":4,"4":4,"5":4,"6":0,"7":4,"8":16},"f":{"0":4,"1":4,"2":4,"3":16},"b":{"0":[4],"1":[0,4],"2":[4,4]}}
,"/home/nitin/Documents/DesignDev1/backend/src/config/database.ts": {"path":"/home/nitin/Documents/DesignDev1/backend/src/config/database.ts","statementMap":{"0":{"start":{"line":1,"column":0},"end":{"line":1,"column":32}},"1":{"start":{"line":3,"column":18},"end":{"line":38,"column":2}},"2":{"start":{"line":3,"column":44},"end":{"line":38,"column":2}},"3":{"start":{"line":4,"column":2},"end":{"line":37,"column":3}},"4":{"start":{"line":6,"column":21},"end":{"line":6,"column":85}},"5":{"start":{"line":9,"column":20},"end":{"line":13,"column":6}},"6":{"start":{"line":16,"column":4},"end":{"line":30,"column":5}},"7":{"start":{"line":17,"column":6},"end":{"line":17,"column":55}},"8":{"start":{"line":19,"column":6},"end":{"line":25,"column":7}},"9":{"start":{"line":20,"column":8},"end":{"line":20,"column":50}},"10":{"start":{"line":21,"column":8},"end":{"line":21,"column":66}},"11":{"start":{"line":23,"column":8},"end":{"line":23,"column":85}},"12":{"start":{"line":28,"column":6},"end":{"line":28,"column":48}},"13":{"start":{"line":29,"column":6},"end":{"line":29,"column":52}},"14":{"start":{"line":32,"column":4},"end":{"line":32,"column":54}},"15":{"start":{"line":34,"column":4},"end":{"line":36,"column":5}},"16":{"start":{"line":35,"column":6},"end":{"line":35,"column":22}},"17":{"start":{"line":40,"column":0},"end":{"line":40,"column":25}}},"fnMap":{"0":{"name":"(anonymous_8)","decl":{"start":{"line":3,"column":18},"end":{"line":3,"column":42}},"loc":{"start":{"line":3,"column":44},"end":{"line":38,"column":2}}},"1":{"name":"(anonymous_9)","decl":{"start":{"line":3,"column":44},"end":{"line":3,"column":null}},"loc":{"start":{"line":3,"column":44},"end":{"line":38,"column":1}}}},"branchMap":{"0":{"loc":{"start":{"line":6,"column":21},"end":{"line":6,"column":85}},"type":"binary-expr","locations":[{"start":{"line":6,"column":21},"end":{"line":6,"column":44}},{"start":{"line":6,"column":48},"end":{"line":6,"column":85}}]},"1":{"loc":{"start":{"line":16,"column":4},"end":{"line":30,"column":5}},"type":"if","locations":[{"start":{"line":16,"column":4},"end":{"line":30,"column":5}},{"start":{"line":26,"column":11},"end":{"line":30,"column":5}}]},"2":{"loc":{"start":{"line":34,"column":4},"end":{"line":36,"column":5}},"type":"if","locations":[{"start":{"line":34,"column":4},"end":{"line":36,"column":5}}]}},"s":{"0":4,"1":4,"2":4,"3":4,"4":4,"5":4,"6":4,"7":4,"8":4,"9":4,"10":0,"11":1,"12":0,"13":0,"14":0,"15":0,"16":0,"17":4},"f":{"0":4,"1":4},"b":{"0":[4,0],"1":[4,0],"2":[0]}}
,"/home/nitin/Documents/DesignDev1/backend/src/config/jwt.ts": {"path":"/home/nitin/Documents/DesignDev1/backend/src/config/jwt.ts","statementMap":{"0":{"start":{"line":1,"column":0},"end":{"line":1,"column":31}},"1":{"start":{"line":4,"column":19},"end":{"line":4,"column":66}},"2":{"start":{"line":5,"column":23},"end":{"line":5,"column":27}},"3":{"start":{"line":7,"column":29},"end":{"line":17,"column":1}},"4":{"start":{"line":8,"column":2},"end":{"line":16,"column":4}},"5":{"start":{"line":7,"column":13},"end":{"line":7,"column":29}},"6":{"start":{"line":19,"column":27},"end":{"line":25,"column":1}},"7":{"start":{"line":20,"column":2},"end":{"line":24,"column":3}},"8":{"start":{"line":21,"column":4},"end":{"line":21,"column":41}},"9":{"start":{"line":23,"column":4},"end":{"line":23,"column":16}},"10":{"start":{"line":19,"column":13},"end":{"line":19,"column":27}},"11":{"start":{"line":27,"column":0},"end":{"line":32,"column":2}}},"fnMap":{"0":{"name":"(anonymous_1)","decl":{"start":{"line":7,"column":29},"end":{"line":7,"column":30}},"loc":{"start":{"line":7,"column":53},"end":{"line":17,"column":1}}},"1":{"name":"(anonymous_2)","decl":{"start":{"line":19,"column":27},"end":{"line":19,"column":28}},"loc":{"start":{"line":19,"column":50},"end":{"line":25,"column":1}}}},"branchMap":{"0":{"loc":{"start":{"line":4,"column":19},"end":{"line":4,"column":66}},"type":"binary-expr","locations":[{"start":{"line":4,"column":19},"end":{"line":4,"column":41}},{"start":{"line":4,"column":45},"end":{"line":4,"column":66}}]}},"s":{"0":6,"1":6,"2":6,"3":6,"4":3,"5":6,"6":6,"7":3,"8":3,"9":2,"10":6,"11":6},"f":{"0":3,"1":3},"b":{"0":[6,2]}}
,"/home/nitin/Documents/DesignDev1/backend/src/controllers/aiController.ts": {"path":"/home/nitin/Documents/DesignDev1/backend/src/controllers/aiController.ts","statementMap":{"0":{"start":{"line":2,"column":0},"end":{"line":2,"column":26}},"1":{"start":{"line":3,"column":0},"end":{"line":3,"column":57}},"2":{"start":{"line":4,"column":0},"end":{"line":4,"column":60}},"3":{"start":{"line":5,"column":0},"end":{"line":5,"column":62}},"4":{"start":{"line":7,"column":23},"end":{"line":7,"column":49}},"5":{"start":{"line":8,"column":23},"end":{"line":8,"column":111}},"6":{"start":{"line":13,"column":32},"end":{"line":66,"column":2}},"7":{"start":{"line":13,"column":84},"end":{"line":66,"column":2}},"8":{"start":{"line":14,"column":19},"end":{"line":14,"column":34}},"9":{"start":{"line":15,"column":21},"end":{"line":15,"column":38}},"10":{"start":{"line":18,"column":4},"end":{"line":20,"column":5}},"11":{"start":{"line":19,"column":8},"end":{"line":19,"column":71}},"12":{"start":{"line":22,"column":4},"end":{"line":24,"column":5}},"13":{"start":{"line":23,"column":8},"end":{"line":23,"column":73}},"14":{"start":{"line":26,"column":4},"end":{"line":65,"column":5}},"15":{"start":{"line":27,"column":25},"end":{"line":33,"column":10}},"16":{"start":{"line":36,"column":21},"end":{"line":36,"column":78}},"17":{"start":{"line":39,"column":8},"end":{"line":41,"column":9}},"18":{"start":{"line":40,"column":12},"end":{"line":40,"column":60}},"19":{"start":{"line":43,"column":23},"end":{"line":43,"column":34}},"20":{"start":{"line":45,"column":8},"end":{"line":51,"column":9}},"21":{"start":{"line":46,"column":12},"end":{"line":49,"column":15}},"22":{"start":{"line":50,"column":12},"end":{"line":50,"column":19}},"23":{"start":{"line":53,"column":8},"end":{"line":59,"column":9}},"24":{"start":{"line":54,"column":12},"end":{"line":57,"column":15}},"25":{"start":{"line":58,"column":12},"end":{"line":58,"column":19}},"26":{"start":{"line":61,"column":8},"end":{"line":61,"column":67}},"27":{"start":{"line":63,"column":8},"end":{"line":63,"column":111}},"28":{"start":{"line":64,"column":8},"end":{"line":64,"column":86}},"29":{"start":{"line":13,"column":13},"end":{"line":13,"column":32}},"30":{"start":{"line":71,"column":28},"end":{"line":99,"column":2}},"31":{"start":{"line":71,"column":80},"end":{"line":99,"column":2}},"32":{"start":{"line":72,"column":21},"end":{"line":72,"column":38}},"33":{"start":{"line":75,"column":4},"end":{"line":77,"column":5}},"34":{"start":{"line":76,"column":8},"end":{"line":76,"column":74}},"35":{"start":{"line":79,"column":4},"end":{"line":81,"column":5}},"36":{"start":{"line":80,"column":8},"end":{"line":80,"column":77}},"37":{"start":{"line":83,"column":4},"end":{"line":98,"column":5}},"38":{"start":{"line":84,"column":25},"end":{"line":90,"column":10}},"39":{"start":{"line":92,"column":8},"end":{"line":94,"column":11}},"40":{"start":{"line":96,"column":8},"end":{"line":96,"column":111}},"41":{"start":{"line":97,"column":8},"end":{"line":97,"column":86}},"42":{"start":{"line":71,"column":13},"end":{"line":71,"column":28}},"43":{"start":{"line":104,"column":34},"end":{"line":159,"column":2}},"44":{"start":{"line":104,"column":86},"end":{"line":159,"column":2}},"45":{"start":{"line":105,"column":21},"end":{"line":105,"column":38}},"46":{"start":{"line":108,"column":4},"end":{"line":110,"column":5}},"47":{"start":{"line":109,"column":8},"end":{"line":109,"column":74}},"48":{"start":{"line":112,"column":4},"end":{"line":114,"column":5}},"49":{"start":{"line":113,"column":8},"end":{"line":113,"column":77}},"50":{"start":{"line":117,"column":4},"end":{"line":124,"column":5}},"51":{"start":{"line":121,"column":8},"end":{"line":123,"column":9}},"52":{"start":{"line":122,"column":12},"end":{"line":122,"column":107}},"53":{"start":{"line":126,"column":4},"end":{"line":158,"column":5}},"54":{"start":{"line":128,"column":8},"end":{"line":128,"column":59}},"55":{"start":{"line":129,"column":8},"end":{"line":129,"column":51}},"56":{"start":{"line":130,"column":8},"end":{"line":130,"column":50}},"57":{"start":{"line":131,"column":8},"end":{"line":131,"column":58}},"58":{"start":{"line":134,"column":25},"end":{"line":140,"column":10}},"59":{"start":{"line":142,"column":25},"end":{"line":142,"column":88}},"60":{"start":{"line":145,"column":23},"end":{"line":145,"column":55}},"61":{"start":{"line":147,"column":8},"end":{"line":151,"column":9}},"62":{"start":{"line":148,"column":12},"end":{"line":148,"column":70}},"63":{"start":{"line":150,"column":12},"end":{"line":150,"column":66}},"64":{"start":{"line":150,"column":41},"end":{"line":150,"column":64}},"65":{"start":{"line":153,"column":8},"end":{"line":153,"column":38}},"66":{"start":{"line":154,"column":8},"end":{"line":154,"column":18}},"67":{"start":{"line":156,"column":8},"end":{"line":156,"column":111}},"68":{"start":{"line":157,"column":8},"end":{"line":157,"column":96}},"69":{"start":{"line":104,"column":13},"end":{"line":104,"column":34}},"70":{"start":{"line":161,"column":0},"end":{"line":165,"column":2}}},"fnMap":{"0":{"name":"(anonymous_8)","decl":{"start":{"line":13,"column":32},"end":{"line":13,"column":39}},"loc":{"start":{"line":13,"column":84},"end":{"line":66,"column":2}}},"1":{"name":"(anonymous_9)","decl":{"start":{"line":13,"column":84},"end":{"line":13,"column":null}},"loc":{"start":{"line":13,"column":84},"end":{"line":66,"column":1}}},"2":{"name":"(anonymous_10)","decl":{"start":{"line":71,"column":28},"end":{"line":71,"column":35}},"loc":{"start":{"line":71,"column":80},"end":{"line":99,"column":2}}},"3":{"name":"(anonymous_11)","decl":{"start":{"line":71,"column":80},"end":{"line":71,"column":null}},"loc":{"start":{"line":71,"column":80},"end":{"line":99,"column":1}}},"4":{"name":"(anonymous_12)","decl":{"start":{"line":104,"column":34},"end":{"line":104,"column":41}},"loc":{"start":{"line":104,"column":86},"end":{"line":159,"column":2}}},"5":{"name":"(anonymous_13)","decl":{"start":{"line":104,"column":86},"end":{"line":104,"column":null}},"loc":{"start":{"line":104,"column":86},"end":{"line":159,"column":1}}},"6":{"name":"(anonymous_14)","decl":{"start":{"line":150,"column":30},"end":{"line":150,"column":37}},"loc":{"start":{"line":150,"column":41},"end":{"line":150,"column":64}}}},"branchMap":{"0":{"loc":{"start":{"line":18,"column":4},"end":{"line":20,"column":5}},"type":"if","locations":[{"start":{"line":18,"column":4},"end":{"line":20,"column":5}}]},"1":{"loc":{"start":{"line":22,"column":4},"end":{"line":24,"column":5}},"type":"if","locations":[{"start":{"line":22,"column":4},"end":{"line":24,"column":5}}]},"2":{"loc":{"start":{"line":36,"column":21},"end":{"line":36,"column":78}},"type":"cond-expr","locations":[{"start":{"line":36,"column":72},"end":{"line":36,"column":74}},{"start":{"line":36,"column":72},"end":{"line":36,"column":78}}]},"3":{"loc":{"start":{"line":36,"column":21},"end":{"line":36,"column":74}},"type":"binary-expr","locations":[{"start":{"line":36,"column":21},"end":{"line":36,"column":74}},{"start":{"line":36,"column":72},"end":{"line":36,"column":74}}]},"4":{"loc":{"start":{"line":36,"column":21},"end":{"line":36,"column":72}},"type":"cond-expr","locations":[{"start":{"line":36,"column":67},"end":{"line":36,"column":70}},{"start":{"line":36,"column":67},"end":{"line":36,"column":72}}]},"5":{"loc":{"start":{"line":36,"column":21},"end":{"line":36,"column":70}},"type":"binary-expr","locations":[{"start":{"line":36,"column":21},"end":{"line":36,"column":70}},{"start":{"line":36,"column":67},"end":{"line":36,"column":70}}]},"6":{"loc":{"start":{"line":36,"column":21},"end":{"line":36,"column":67}},"type":"cond-expr","locations":[{"start":{"line":36,"column":60},"end":{"line":36,"column":62}},{"start":{"line":36,"column":60},"end":{"line":36,"column":67}}]},"7":{"loc":{"start":{"line":36,"column":21},"end":{"line":36,"column":62}},"type":"binary-expr","locations":[{"start":{"line":36,"column":21},"end":{"line":36,"column":62}},{"start":{"line":36,"column":60},"end":{"line":36,"column":62}}]},"8":{"loc":{"start":{"line":36,"column":21},"end":{"line":36,"column":60}},"type":"cond-expr","locations":[{"start":{"line":36,"column":51},"end":{"line":36,"column":53}},{"start":{"line":36,"column":51},"end":{"line":36,"column":60}}]},"9":{"loc":{"start":{"line":36,"column":21},"end":{"line":36,"column":53}},"type":"binary-expr","locations":[{"start":{"line":36,"column":21},"end":{"line":36,"column":53}},{"start":{"line":36,"column":51},"end":{"line":36,"column":53}}]},"10":{"loc":{"start":{"line":36,"column":21},"end":{"line":36,"column":51}},"type":"cond-expr","locations":[{"start":{"line":36,"column":46},"end":{"line":36,"column":49}},{"start":{"line":36,"column":46},"end":{"line":36,"column":51}}]},"11":{"loc":{"start":{"line":36,"column":21},"end":{"line":36,"column":49}},"type":"binary-expr","locations":[{"start":{"line":36,"column":21},"end":{"line":36,"column":49}},{"start":{"line":36,"column":46},"end":{"line":36,"column":49}}]},"12":{"loc":{"start":{"line":36,"column":21},"end":{"line":36,"column":46}},"type":"cond-expr","locations":[{"start":{"line":36,"column":34},"end":{"line":36,"column":36}},{"start":{"line":36,"column":34},"end":{"line":36,"column":46}}]},"13":{"loc":{"start":{"line":36,"column":21},"end":{"line":36,"column":36}},"type":"binary-expr","locations":[{"start":{"line":36,"column":21},"end":{"line":36,"column":36}},{"start":{"line":36,"column":34},"end":{"line":36,"column":36}}]},"14":{"loc":{"start":{"line":39,"column":8},"end":{"line":41,"column":9}},"type":"if","locations":[{"start":{"line":39,"column":8},"end":{"line":41,"column":9}}]},"15":{"loc":{"start":{"line":45,"column":8},"end":{"line":51,"column":9}},"type":"if","locations":[{"start":{"line":45,"column":8},"end":{"line":51,"column":9}}]},"16":{"loc":{"start":{"line":53,"column":8},"end":{"line":59,"column":9}},"type":"if","locations":[{"start":{"line":53,"column":8},"end":{"line":59,"column":9}}]},"17":{"loc":{"start":{"line":63,"column":51},"end":{"line":63,"column":109}},"type":"binary-expr","locations":[{"start":{"line":63,"column":51},"end":{"line":63,"column":81}},{"start":{"line":63,"column":86},"end":{"line":63,"column":109}}]},"18":{"loc":{"start":{"line":63,"column":51},"end":{"line":63,"column":81}},"type":"cond-expr","locations":[{"start":{"line":63,"column":75},"end":{"line":63,"column":77}},{"start":{"line":63,"column":75},"end":{"line":63,"column":81}}]},"19":{"loc":{"start":{"line":63,"column":51},"end":{"line":63,"column":77}},"type":"binary-expr","locations":[{"start":{"line":63,"column":51},"end":{"line":63,"column":77}},{"start":{"line":63,"column":75},"end":{"line":63,"column":77}}]},"20":{"loc":{"start":{"line":63,"column":52},"end":{"line":63,"column":75}},"type":"cond-expr","locations":[{"start":{"line":63,"column":57},"end":{"line":63,"column":65}},{"start":{"line":63,"column":52},"end":{"line":63,"column":75}}]},"21":{"loc":{"start":{"line":63,"column":52},"end":{"line":63,"column":65}},"type":"binary-expr","locations":[{"start":{"line":63,"column":52},"end":{"line":63,"column":67}},{"start":{"line":63,"column":52},"end":{"line":63,"column":65}}]},"22":{"loc":{"start":{"line":75,"column":4},"end":{"line":77,"column":5}},"type":"if","locations":[{"start":{"line":75,"column":4},"end":{"line":77,"column":5}}]},"23":{"loc":{"start":{"line":79,"column":4},"end":{"line":81,"column":5}},"type":"if","locations":[{"start":{"line":79,"column":4},"end":{"line":81,"column":5}}]},"24":{"loc":{"start":{"line":79,"column":8},"end":{"line":79,"column":56}},"type":"binary-expr","locations":[{"start":{"line":79,"column":8},"end":{"line":79,"column":31}},{"start":{"line":79,"column":35},"end":{"line":79,"column":56}}]},"25":{"loc":{"start":{"line":93,"column":22},"end":{"line":93,"column":85}},"type":"binary-expr","locations":[{"start":{"line":93,"column":22},"end":{"line":93,"column":79}},{"start":{"line":93,"column":83},"end":{"line":93,"column":85}}]},"26":{"loc":{"start":{"line":93,"column":22},"end":{"line":93,"column":79}},"type":"cond-expr","locations":[{"start":{"line":93,"column":73},"end":{"line":93,"column":75}},{"start":{"line":93,"column":73},"end":{"line":93,"column":79}}]},"27":{"loc":{"start":{"line":93,"column":22},"end":{"line":93,"column":75}},"type":"binary-expr","locations":[{"start":{"line":93,"column":22},"end":{"line":93,"column":75}},{"start":{"line":93,"column":73},"end":{"line":93,"column":75}}]},"28":{"loc":{"start":{"line":93,"column":22},"end":{"line":93,"column":73}},"type":"cond-expr","locations":[{"start":{"line":93,"column":68},"end":{"line":93,"column":71}},{"start":{"line":93,"column":68},"end":{"line":93,"column":73}}]},"29":{"loc":{"start":{"line":93,"column":22},"end":{"line":93,"column":71}},"type":"binary-expr","locations":[{"start":{"line":93,"column":22},"end":{"line":93,"column":71}},{"start":{"line":93,"column":68},"end":{"line":93,"column":71}}]},"30":{"loc":{"start":{"line":93,"column":22},"end":{"line":93,"column":68}},"type":"cond-expr","locations":[{"start":{"line":93,"column":61},"end":{"line":93,"column":63}},{"start":{"line":93,"column":61},"end":{"line":93,"column":68}}]},"31":{"loc":{"start":{"line":93,"column":22},"end":{"line":93,"column":63}},"type":"binary-expr","locations":[{"start":{"line":93,"column":22},"end":{"line":93,"column":63}},{"start":{"line":93,"column":61},"end":{"line":93,"column":63}}]},"32":{"loc":{"start":{"line":93,"column":22},"end":{"line":93,"column":61}},"type":"cond-expr","locations":[{"start":{"line":93,"column":52},"end":{"line":93,"column":54}},{"start":{"line":93,"column":52},"end":{"line":93,"column":61}}]},"33":{"loc":{"start":{"line":93,"column":22},"end":{"line":93,"column":54}},"type":"binary-expr","locations":[{"start":{"line":93,"column":22},"end":{"line":93,"column":54}},{"start":{"line":93,"column":52},"end":{"line":93,"column":54}}]},"34":{"loc":{"start":{"line":93,"column":22},"end":{"line":93,"column":52}},"type":"cond-expr","locations":[{"start":{"line":93,"column":47},"end":{"line":93,"column":50}},{"start":{"line":93,"column":47},"end":{"line":93,"column":52}}]},"35":{"loc":{"start":{"line":93,"column":22},"end":{"line":93,"column":50}},"type":"binary-expr","locations":[{"start":{"line":93,"column":22},"end":{"line":93,"column":50}},{"start":{"line":93,"column":47},"end":{"line":93,"column":50}}]},"36":{"loc":{"start":{"line":93,"column":22},"end":{"line":93,"column":47}},"type":"cond-expr","locations":[{"start":{"line":93,"column":35},"end":{"line":93,"column":37}},{"start":{"line":93,"column":35},"end":{"line":93,"column":47}}]},"37":{"loc":{"start":{"line":93,"column":22},"end":{"line":93,"column":37}},"type":"binary-expr","locations":[{"start":{"line":93,"column":22},"end":{"line":93,"column":37}},{"start":{"line":93,"column":35},"end":{"line":93,"column":37}}]},"38":{"loc":{"start":{"line":96,"column":51},"end":{"line":96,"column":109}},"type":"binary-expr","locations":[{"start":{"line":96,"column":51},"end":{"line":96,"column":81}},{"start":{"line":96,"column":86},"end":{"line":96,"column":109}}]},"39":{"loc":{"start":{"line":96,"column":51},"end":{"line":96,"column":81}},"type":"cond-expr","locations":[{"start":{"line":96,"column":75},"end":{"line":96,"column":77}},{"start":{"line":96,"column":75},"end":{"line":96,"column":81}}]},"40":{"loc":{"start":{"line":96,"column":51},"end":{"line":96,"column":77}},"type":"binary-expr","locations":[{"start":{"line":96,"column":51},"end":{"line":96,"column":77}},{"start":{"line":96,"column":75},"end":{"line":96,"column":77}}]},"41":{"loc":{"start":{"line":96,"column":52},"end":{"line":96,"column":75}},"type":"cond-expr","locations":[{"start":{"line":96,"column":57},"end":{"line":96,"column":65}},{"start":{"line":96,"column":52},"end":{"line":96,"column":75}}]},"42":{"loc":{"start":{"line":96,"column":52},"end":{"line":96,"column":65}},"type":"binary-expr","locations":[{"start":{"line":96,"column":52},"end":{"line":96,"column":67}},{"start":{"line":96,"column":52},"end":{"line":96,"column":65}}]},"43":{"loc":{"start":{"line":108,"column":4},"end":{"line":110,"column":5}},"type":"if","locations":[{"start":{"line":108,"column":4},"end":{"line":110,"column":5}}]},"44":{"loc":{"start":{"line":112,"column":4},"end":{"line":114,"column":5}},"type":"if","locations":[{"start":{"line":112,"column":4},"end":{"line":114,"column":5}}]},"45":{"loc":{"start":{"line":112,"column":8},"end":{"line":112,"column":56}},"type":"binary-expr","locations":[{"start":{"line":112,"column":8},"end":{"line":112,"column":31}},{"start":{"line":112,"column":35},"end":{"line":112,"column":56}}]},"46":{"loc":{"start":{"line":117,"column":4},"end":{"line":124,"column":5}},"type":"if","locations":[{"start":{"line":117,"column":4},"end":{"line":124,"column":5}}]},"47":{"loc":{"start":{"line":117,"column":8},"end":{"line":119,"column":59}},"type":"binary-expr","locations":[{"start":{"line":117,"column":8},"end":{"line":117,"column":29}},{"start":{"line":118,"column":8},"end":{"line":118,"column":35}},{"start":{"line":119,"column":8},"end":{"line":119,"column":59}}]},"48":{"loc":{"start":{"line":121,"column":8},"end":{"line":123,"column":9}},"type":"if","locations":[{"start":{"line":121,"column":8},"end":{"line":123,"column":9}}]},"49":{"loc":{"start":{"line":142,"column":25},"end":{"line":142,"column":88}},"type":"binary-expr","locations":[{"start":{"line":142,"column":25},"end":{"line":142,"column":82}},{"start":{"line":142,"column":86},"end":{"line":142,"column":88}}]},"50":{"loc":{"start":{"line":142,"column":25},"end":{"line":142,"column":82}},"type":"cond-expr","locations":[{"start":{"line":142,"column":76},"end":{"line":142,"column":78}},{"start":{"line":142,"column":76},"end":{"line":142,"column":82}}]},"51":{"loc":{"start":{"line":142,"column":25},"end":{"line":142,"column":78}},"type":"binary-expr","locations":[{"start":{"line":142,"column":25},"end":{"line":142,"column":78}},{"start":{"line":142,"column":76},"end":{"line":142,"column":78}}]},"52":{"loc":{"start":{"line":142,"column":25},"end":{"line":142,"column":76}},"type":"cond-expr","locations":[{"start":{"line":142,"column":71},"end":{"line":142,"column":74}},{"start":{"line":142,"column":71},"end":{"line":142,"column":76}}]},"53":{"loc":{"start":{"line":142,"column":25},"end":{"line":142,"column":74}},"type":"binary-expr","locations":[{"start":{"line":142,"column":25},"end":{"line":142,"column":74}},{"start":{"line":142,"column":71},"end":{"line":142,"column":74}}]},"54":{"loc":{"start":{"line":142,"column":25},"end":{"line":142,"column":71}},"type":"cond-expr","locations":[{"start":{"line":142,"column":64},"end":{"line":142,"column":66}},{"start":{"line":142,"column":64},"end":{"line":142,"column":71}}]},"55":{"loc":{"start":{"line":142,"column":25},"end":{"line":142,"column":66}},"type":"binary-expr","locations":[{"start":{"line":142,"column":25},"end":{"line":142,"column":66}},{"start":{"line":142,"column":64},"end":{"line":142,"column":66}}]},"56":{"loc":{"start":{"line":142,"column":25},"end":{"line":142,"column":64}},"type":"cond-expr","locations":[{"start":{"line":142,"column":55},"end":{"line":142,"column":57}},{"start":{"line":142,"column":55},"end":{"line":142,"column":64}}]},"57":{"loc":{"start":{"line":142,"column":25},"end":{"line":142,"column":57}},"type":"binary-expr","locations":[{"start":{"line":142,"column":25},"end":{"line":142,"column":57}},{"start":{"line":142,"column":55},"end":{"line":142,"column":57}}]},"58":{"loc":{"start":{"line":142,"column":25},"end":{"line":142,"column":55}},"type":"cond-expr","locations":[{"start":{"line":142,"column":50},"end":{"line":142,"column":53}},{"start":{"line":142,"column":50},"end":{"line":142,"column":55}}]},"59":{"loc":{"start":{"line":142,"column":25},"end":{"line":142,"column":53}},"type":"binary-expr","locations":[{"start":{"line":142,"column":25},"end":{"line":142,"column":53}},{"start":{"line":142,"column":50},"end":{"line":142,"column":53}}]},"60":{"loc":{"start":{"line":142,"column":25},"end":{"line":142,"column":50}},"type":"cond-expr","locations":[{"start":{"line":142,"column":38},"end":{"line":142,"column":40}},{"start":{"line":142,"column":38},"end":{"line":142,"column":50}}]},"61":{"loc":{"start":{"line":142,"column":25},"end":{"line":142,"column":40}},"type":"binary-expr","locations":[{"start":{"line":142,"column":25},"end":{"line":142,"column":40}},{"start":{"line":142,"column":38},"end":{"line":142,"column":40}}]},"62":{"loc":{"start":{"line":145,"column":23},"end":{"line":145,"column":55}},"type":"binary-expr","locations":[{"start":{"line":145,"column":23},"end":{"line":145,"column":49}},{"start":{"line":145,"column":53},"end":{"line":145,"column":55}}]},"63":{"loc":{"start":{"line":156,"column":51},"end":{"line":156,"column":109}},"type":"binary-expr","locations":[{"start":{"line":156,"column":51},"end":{"line":156,"column":81}},{"start":{"line":156,"column":86},"end":{"line":156,"column":109}}]},"64":{"loc":{"start":{"line":156,"column":51},"end":{"line":156,"column":81}},"type":"cond-expr","locations":[{"start":{"line":156,"column":75},"end":{"line":156,"column":77}},{"start":{"line":156,"column":75},"end":{"line":156,"column":81}}]},"65":{"loc":{"start":{"line":156,"column":51},"end":{"line":156,"column":77}},"type":"binary-expr","locations":[{"start":{"line":156,"column":51},"end":{"line":156,"column":77}},{"start":{"line":156,"column":75},"end":{"line":156,"column":77}}]},"66":{"loc":{"start":{"line":156,"column":52},"end":{"line":156,"column":75}},"type":"cond-expr","locations":[{"start":{"line":156,"column":57},"end":{"line":156,"column":65}},{"start":{"line":156,"column":52},"end":{"line":156,"column":75}}]},"67":{"loc":{"start":{"line":156,"column":52},"end":{"line":156,"column":65}},"type":"binary-expr","locations":[{"start":{"line":156,"column":52},"end":{"line":156,"column":67}},{"start":{"line":156,"column":52},"end":{"line":156,"column":65}}]}},"s":{"0":4,"1":4,"2":4,"3":4,"4":4,"5":4,"6":4,"7":0,"8":0,"9":0,"10":0,"11":0,"12":0,"13":0,"14":0,"15":0,"16":0,"17":0,"18":0,"19":0,"20":0,"21":0,"22":0,"23":0,"24":0,"25":0,"26":0,"27":0,"28":0,"29":4,"30":4,"31":0,"32":0,"33":0,"34":0,"35":0,"36":0,"37":0,"38":0,"39":0,"40":0,"41":0,"42":4,"43":4,"44":0,"45":0,"46":0,"47":0,"48":0,"49":0,"50":0,"51":0,"52":0,"53":0,"54":0,"55":0,"56":0,"57":0,"58":0,"59":0,"60":0,"61":0,"62":0,"63":0,"64":0,"65":0,"66":0,"67":0,"68":0,"69":4,"70":4},"f":{"0":0,"1":0,"2":0,"3":0,"4":0,"5":0,"6":0},"b":{"0":[0],"1":[0],"2":[0,0],"3":[0,0],"4":[0,0],"5":[0,0],"6":[0,0],"7":[0,0],"8":[0,0],"9":[0,0],"10":[0,0],"11":[0,0],"12":[0,0],"13":[0,0],"14":[0],"15":[0],"16":[0],"17":[0,0],"18":[0,0],"19":[0,0],"20":[0,0],"21":[0,0],"22":[0],"23":[0],"24":[0,0],"25":[0,0],"26":[0,0],"27":[0,0],"28":[0,0],"29":[0,0],"30":[0,0],"31":[0,0],"32":[0,0],"33":[0,0],"34":[0,0],"35":[0,0],"36":[0,0],"37":[0,0],"38":[0,0],"39":[0,0],"40":[0,0],"41":[0,0],"42":[0,0],"43":[0],"44":[0],"45":[0,0],"46":[0],"47":[0,0,0],"48":[0],"49":[0,0],"50":[0,0],"51":[0,0],"52":[0,0],"53":[0,0],"54":[0,0],"55":[0,0],"56":[0,0],"57":[0,0],"58":[0,0],"59":[0,0],"60":[0,0],"61":[0,0],"62":[0,0],"63":[0,0],"64":[0,0],"65":[0,0],"66":[0,0],"67":[0,0]}}
,"/home/nitin/Documents/DesignDev1/backend/src/controllers/authController.ts": {"path":"/home/nitin/Documents/DesignDev1/backend/src/controllers/authController.ts","statementMap":{"0":{"start":{"line":2,"column":0},"end":{"line":2,"column":53}},"1":{"start":{"line":3,"column":0},"end":{"line":3,"column":45}},"2":{"start":{"line":4,"column":0},"end":{"line":4,"column":46}},"3":{"start":{"line":9,"column":22},"end":{"line":47,"column":2}},"4":{"start":{"line":9,"column":74},"end":{"line":47,"column":2}},"5":{"start":{"line":10,"column":2},"end":{"line":46,"column":3}},"6":{"start":{"line":12,"column":19},"end":{"line":12,"column":40}},"7":{"start":{"line":13,"column":4},"end":{"line":15,"column":5}},"8":{"start":{"line":14,"column":6},"end":{"line":14,"column":62}},"9":{"start":{"line":17,"column":38},"end":{"line":17,"column":46}},"10":{"start":{"line":20,"column":23},"end":{"line":20,"column":52}},"11":{"start":{"line":22,"column":4},"end":{"line":24,"column":5}},"12":{"start":{"line":23,"column":6},"end":{"line":23,"column":70}},"13":{"start":{"line":27,"column":17},"end":{"line":31,"column":6}},"14":{"start":{"line":33,"column":4},"end":{"line":42,"column":5}},"15":{"start":{"line":34,"column":6},"end":{"line":39,"column":9}},"16":{"start":{"line":41,"column":6},"end":{"line":41,"column":61}},"17":{"start":{"line":44,"column":4},"end":{"line":44,"column":42}},"18":{"start":{"line":45,"column":4},"end":{"line":45,"column":54}},"19":{"start":{"line":9,"column":13},"end":{"line":9,"column":22}},"20":{"start":{"line":52,"column":22},"end":{"line":87,"column":2}},"21":{"start":{"line":52,"column":74},"end":{"line":87,"column":2}},"22":{"start":{"line":53,"column":2},"end":{"line":86,"column":3}},"23":{"start":{"line":55,"column":19},"end":{"line":55,"column":40}},"24":{"start":{"line":56,"column":4},"end":{"line":58,"column":5}},"25":{"start":{"line":57,"column":6},"end":{"line":57,"column":62}},"26":{"start":{"line":60,"column":32},"end":{"line":60,"column":40}},"27":{"start":{"line":63,"column":17},"end":{"line":63,"column":46}},"28":{"start":{"line":65,"column":4},"end":{"line":67,"column":5}},"29":{"start":{"line":66,"column":6},"end":{"line":66,"column":76}},"30":{"start":{"line":70,"column":20},"end":{"line":70,"column":56}},"31":{"start":{"line":72,"column":4},"end":{"line":74,"column":5}},"32":{"start":{"line":73,"column":6},"end":{"line":73,"column":76}},"33":{"start":{"line":77,"column":4},"end":{"line":82,"column":7}},"34":{"start":{"line":84,"column":4},"end":{"line":84,"column":42}},"35":{"start":{"line":85,"column":4},"end":{"line":85,"column":54}},"36":{"start":{"line":52,"column":13},"end":{"line":52,"column":22}},"37":{"start":{"line":92,"column":30},"end":{"line":109,"column":2}},"38":{"start":{"line":92,"column":82},"end":{"line":109,"column":2}},"39":{"start":{"line":93,"column":2},"end":{"line":108,"column":3}},"40":{"start":{"line":94,"column":17},"end":{"line":94,"column":70}},"41":{"start":{"line":96,"column":4},"end":{"line":104,"column":5}},"42":{"start":{"line":97,"column":6},"end":{"line":101,"column":9}},"43":{"start":{"line":103,"column":6},"end":{"line":103,"column":58}},"44":{"start":{"line":106,"column":4},"end":{"line":106,"column":47}},"45":{"start":{"line":107,"column":4},"end":{"line":107,"column":54}},"46":{"start":{"line":92,"column":13},"end":{"line":92,"column":30}},"47":{"start":{"line":111,"column":0},"end":{"line":115,"column":2}}},"fnMap":{"0":{"name":"(anonymous_8)","decl":{"start":{"line":9,"column":22},"end":{"line":9,"column":29}},"loc":{"start":{"line":9,"column":74},"end":{"line":47,"column":2}}},"1":{"name":"(anonymous_9)","decl":{"start":{"line":9,"column":74},"end":{"line":9,"column":null}},"loc":{"start":{"line":9,"column":74},"end":{"line":47,"column":1}}},"2":{"name":"(anonymous_10)","decl":{"start":{"line":52,"column":22},"end":{"line":52,"column":29}},"loc":{"start":{"line":52,"column":74},"end":{"line":87,"column":2}}},"3":{"name":"(anonymous_11)","decl":{"start":{"line":52,"column":74},"end":{"line":52,"column":null}},"loc":{"start":{"line":52,"column":74},"end":{"line":87,"column":1}}},"4":{"name":"(anonymous_12)","decl":{"start":{"line":92,"column":30},"end":{"line":92,"column":37}},"loc":{"start":{"line":92,"column":82},"end":{"line":109,"column":2}}},"5":{"name":"(anonymous_13)","decl":{"start":{"line":92,"column":82},"end":{"line":92,"column":null}},"loc":{"start":{"line":92,"column":82},"end":{"line":109,"column":1}}}},"branchMap":{"0":{"loc":{"start":{"line":13,"column":4},"end":{"line":15,"column":5}},"type":"if","locations":[{"start":{"line":13,"column":4},"end":{"line":15,"column":5}}]},"1":{"loc":{"start":{"line":22,"column":4},"end":{"line":24,"column":5}},"type":"if","locations":[{"start":{"line":22,"column":4},"end":{"line":24,"column":5}}]},"2":{"loc":{"start":{"line":33,"column":4},"end":{"line":42,"column":5}},"type":"if","locations":[{"start":{"line":33,"column":4},"end":{"line":42,"column":5}},{"start":{"line":40,"column":11},"end":{"line":42,"column":5}}]},"3":{"loc":{"start":{"line":56,"column":4},"end":{"line":58,"column":5}},"type":"if","locations":[{"start":{"line":56,"column":4},"end":{"line":58,"column":5}}]},"4":{"loc":{"start":{"line":65,"column":4},"end":{"line":67,"column":5}},"type":"if","locations":[{"start":{"line":65,"column":4},"end":{"line":67,"column":5}}]},"5":{"loc":{"start":{"line":72,"column":4},"end":{"line":74,"column":5}},"type":"if","locations":[{"start":{"line":72,"column":4},"end":{"line":74,"column":5}}]},"6":{"loc":{"start":{"line":96,"column":4},"end":{"line":104,"column":5}},"type":"if","locations":[{"start":{"line":96,"column":4},"end":{"line":104,"column":5}},{"start":{"line":102,"column":11},"end":{"line":104,"column":5}}]}},"s":{"0":5,"1":5,"2":5,"3":5,"4":5,"5":5,"6":5,"7":5,"8":1,"9":4,"10":4,"11":3,"12":1,"13":2,"14":2,"15":1,"16":1,"17":1,"18":1,"19":5,"20":5,"21":7,"22":7,"23":7,"24":7,"25":1,"26":6,"27":6,"28":3,"29":1,"30":2,"31":2,"32":1,"33":1,"34":1,"35":1,"36":5,"37":5,"38":3,"39":3,"40":3,"41":2,"42":1,"43":1,"44":1,"45":1,"46":5,"47":5},"f":{"0":5,"1":5,"2":7,"3":7,"4":3,"5":3},"b":{"0":[1],"1":[1],"2":[1,1],"3":[1],"4":[1],"5":[1],"6":[1,1]}}
,"/home/nitin/Documents/DesignDev1/backend/src/main/node.ts": {"path":"/home/nitin/Documents/DesignDev1/backend/src/main/node.ts","statementMap":{"0":{"start":{"line":2,"column":13},"end":{"line":2,"column":479}}},"fnMap":{},"branchMap":{},"s":{"0":4},"f":{},"b":{}}
,"/home/nitin/Documents/DesignDev1/backend/src/main/react.ts": {"path":"/home/nitin/Documents/DesignDev1/backend/src/main/react.ts","statementMap":{"0":{"start":{"line":2,"column":13},"end":{"line":2,"column":null}}},"fnMap":{},"branchMap":{},"s":{"0":4},"f":{},"b":{}}
,"/home/nitin/Documents/DesignDev1/backend/src/middleware/auth.ts": {"path":"/home/nitin/Documents/DesignDev1/backend/src/middleware/auth.ts","statementMap":{"0":{"start":{"line":2,"column":0},"end":{"line":2,"column":44}},"1":{"start":{"line":3,"column":0},"end":{"line":3,"column":34}},"2":{"start":{"line":14,"column":23},"end":{"line":49,"column":2}},"3":{"start":{"line":14,"column":95},"end":{"line":49,"column":2}},"4":{"start":{"line":18,"column":2},"end":{"line":44,"column":3}},"5":{"start":{"line":19,"column":4},"end":{"line":43,"column":5}},"6":{"start":{"line":21,"column":6},"end":{"line":21,"column":54}},"7":{"start":{"line":24,"column":22},"end":{"line":24,"column":40}},"8":{"start":{"line":26,"column":6},"end":{"line":28,"column":7}},"9":{"start":{"line":27,"column":8},"end":{"line":27,"column":81}},"10":{"start":{"line":31,"column":19},"end":{"line":31,"column":70}},"11":{"start":{"line":33,"column":6},"end":{"line":35,"column":7}},"12":{"start":{"line":34,"column":8},"end":{"line":34,"column":67}},"13":{"start":{"line":38,"column":6},"end":{"line":38,"column":22}},"14":{"start":{"line":39,"column":6},"end":{"line":39,"column":13}},"15":{"start":{"line":41,"column":6},"end":{"line":41,"column":53}},"16":{"start":{"line":42,"column":6},"end":{"line":42,"column":72}},"17":{"start":{"line":46,"column":2},"end":{"line":48,"column":3}},"18":{"start":{"line":47,"column":4},"end":{"line":47,"column":66}},"19":{"start":{"line":14,"column":13},"end":{"line":14,"column":23}},"20":{"start":{"line":51,"column":0},"end":{"line":53,"column":2}}},"fnMap":{"0":{"name":"(anonymous_8)","decl":{"start":{"line":14,"column":23},"end":{"line":14,"column":30}},"loc":{"start":{"line":14,"column":95},"end":{"line":49,"column":2}}},"1":{"name":"(anonymous_9)","decl":{"start":{"line":14,"column":95},"end":{"line":14,"column":null}},"loc":{"start":{"line":14,"column":95},"end":{"line":49,"column":1}}}},"branchMap":{"0":{"loc":{"start":{"line":18,"column":2},"end":{"line":44,"column":3}},"type":"if","locations":[{"start":{"line":18,"column":2},"end":{"line":44,"column":3}}]},"1":{"loc":{"start":{"line":18,"column":6},"end":{"line":18,"column":81}},"type":"binary-expr","locations":[{"start":{"line":18,"column":6},"end":{"line":18,"column":31}},{"start":{"line":18,"column":35},"end":{"line":18,"column":81}}]},"2":{"loc":{"start":{"line":26,"column":6},"end":{"line":28,"column":7}},"type":"if","locations":[{"start":{"line":26,"column":6},"end":{"line":28,"column":7}}]},"3":{"loc":{"start":{"line":33,"column":6},"end":{"line":35,"column":7}},"type":"if","locations":[{"start":{"line":33,"column":6},"end":{"line":35,"column":7}}]},"4":{"loc":{"start":{"line":46,"column":2},"end":{"line":48,"column":3}},"type":"if","locations":[{"start":{"line":46,"column":2},"end":{"line":48,"column":3}}]}},"s":{"0":4,"1":4,"2":4,"3":0,"4":0,"5":0,"6":0,"7":0,"8":0,"9":0,"10":0,"11":0,"12":0,"13":0,"14":0,"15":0,"16":0,"17":0,"18":0,"19":4,"20":4},"f":{"0":0,"1":0},"b":{"0":[0],"1":[0,0],"2":[0],"3":[0],"4":[0]}}
,"/home/nitin/Documents/DesignDev1/backend/src/models/User.ts": {"path":"/home/nitin/Documents/DesignDev1/backend/src/models/User.ts","statementMap":{"0":{"start":{"line":1,"column":0},"end":{"line":1,"column":54}},"1":{"start":{"line":2,"column":0},"end":{"line":2,"column":28}},"2":{"start":{"line":13,"column":27},"end":{"line":35,"column":null}},"3":{"start":{"line":39,"column":0},"end":{"line":52,"column":3}},"4":{"start":{"line":41,"column":2},"end":{"line":41,"column":50}},"5":{"start":{"line":41,"column":36},"end":{"line":41,"column":50}},"6":{"start":{"line":43,"column":2},"end":{"line":51,"column":3}},"7":{"start":{"line":45,"column":17},"end":{"line":45,"column":41}},"8":{"start":{"line":47,"column":4},"end":{"line":47,"column":59}},"9":{"start":{"line":48,"column":4},"end":{"line":48,"column":11}},"10":{"start":{"line":50,"column":4},"end":{"line":50,"column":16}},"11":{"start":{"line":55,"column":0},"end":{"line":57,"column":2}},"12":{"start":{"line":56,"column":2},"end":{"line":56,"column":58}},"13":{"start":{"line":59,"column":0},"end":{"line":59,"column":57}}},"fnMap":{"0":{"name":"(anonymous_17)","decl":{"start":{"line":39,"column":30},"end":{"line":39,"column":46}},"loc":{"start":{"line":39,"column":50},"end":{"line":52,"column":2}}},"1":{"name":"(anonymous_19)","decl":{"start":{"line":55,"column":37},"end":{"line":55,"column":53}},"loc":{"start":{"line":55,"column":78},"end":{"line":57,"column":2}}}},"branchMap":{"0":{"loc":{"start":{"line":41,"column":2},"end":{"line":41,"column":50}},"type":"if","locations":[{"start":{"line":41,"column":2},"end":{"line":41,"column":50}}]}},"s":{"0":6,"1":6,"2":6,"3":6,"4":0,"5":0,"6":0,"7":0,"8":0,"9":0,"10":0,"11":6,"12":0,"13":6},"f":{"0":0,"1":0},"b":{"0":[0]}}
,"/home/nitin/Documents/DesignDev1/backend/src/routes/aiRoutes.ts": {"path":"/home/nitin/Documents/DesignDev1/backend/src/routes/aiRoutes.ts","statementMap":{"0":{"start":{"line":1,"column":0},"end":{"line":1,"column":67}},"1":{"start":{"line":2,"column":0},"end":{"line":2,"column":97}},"2":{"start":{"line":3,"column":0},"end":{"line":3,"column":45}},"3":{"start":{"line":5,"column":15},"end":{"line":5,"column":31}},"4":{"start":{"line":8,"column":27},"end":{"line":10,"column":63}},"5":{"start":{"line":10,"column":57},"end":{"line":10,"column":63}},"6":{"start":{"line":15,"column":0},"end":{"line":15,"column":63}},"7":{"start":{"line":20,"column":0},"end":{"line":20,"column":55}},"8":{"start":{"line":25,"column":0},"end":{"line":25,"column":68}},"9":{"start":{"line":27,"column":0},"end":{"line":27,"column":22}}},"fnMap":{"0":{"name":"(anonymous_1)","decl":{"start":{"line":10,"column":4},"end":{"line":10,"column":5}},"loc":{"start":{"line":10,"column":57},"end":{"line":10,"column":63}}}},"branchMap":{"0":{"loc":{"start":{"line":8,"column":27},"end":{"line":10,"column":63}},"type":"cond-expr","locations":[{"start":{"line":9,"column":4},"end":{"line":9,"column":11}},{"start":{"line":10,"column":4},"end":{"line":10,"column":63}}]}},"s":{"0":4,"1":4,"2":4,"3":4,"4":4,"5":0,"6":4,"7":4,"8":4,"9":4},"f":{"0":0},"b":{"0":[0,4]}}
,"/home/nitin/Documents/DesignDev1/backend/src/routes/apiRoutes.ts": {"path":"/home/nitin/Documents/DesignDev1/backend/src/routes/apiRoutes.ts","statementMap":{"0":{"start":{"line":1,"column":0},"end":{"line":1,"column":30}},"1":{"start":{"line":2,"column":0},"end":{"line":2,"column":38}},"2":{"start":{"line":3,"column":0},"end":{"line":3,"column":34}},"3":{"start":{"line":4,"column":0},"end":{"line":4,"column":45}},"4":{"start":{"line":6,"column":15},"end":{"line":6,"column":31}},"5":{"start":{"line":9,"column":0},"end":{"line":9,"column":32}},"6":{"start":{"line":12,"column":0},"end":{"line":12,"column":28}},"7":{"start":{"line":15,"column":0},"end":{"line":17,"column":3}},"8":{"start":{"line":16,"column":2},"end":{"line":16,"column":69}},"9":{"start":{"line":19,"column":0},"end":{"line":19,"column":22}}},"fnMap":{"0":{"name":"(anonymous_1)","decl":{"start":{"line":15,"column":34},"end":{"line":15,"column":35}},"loc":{"start":{"line":15,"column":47},"end":{"line":17,"column":1}}}},"branchMap":{},"s":{"0":4,"1":4,"2":4,"3":4,"4":4,"5":4,"6":4,"7":4,"8":0,"9":4},"f":{"0":0},"b":{}}
,"/home/nitin/Documents/DesignDev1/backend/src/routes/authRoutes.ts": {"path":"/home/nitin/Documents/DesignDev1/backend/src/routes/authRoutes.ts","statementMap":{"0":{"start":{"line":1,"column":0},"end":{"line":1,"column":30}},"1":{"start":{"line":2,"column":0},"end":{"line":2,"column":42}},"2":{"start":{"line":3,"column":0},"end":{"line":3,"column":79}},"3":{"start":{"line":4,"column":0},"end":{"line":4,"column":45}},"4":{"start":{"line":6,"column":15},"end":{"line":6,"column":31}},"5":{"start":{"line":11,"column":0},"end":{"line":19,"column":2}},"6":{"start":{"line":24,"column":0},"end":{"line":31,"column":2}},"7":{"start":{"line":36,"column":0},"end":{"line":36,"column":48}},"8":{"start":{"line":38,"column":0},"end":{"line":38,"column":22}}},"fnMap":{},"branchMap":{},"s":{"0":4,"1":4,"2":4,"3":4,"4":4,"5":4,"6":4,"7":4,"8":4},"f":{},"b":{}}
}
