TN:
SF:src/constants.ts
FNF:0
FNH:0
DA:1,4
DA:2,4
DA:3,4
DA:5,4
LF:4
LH:4
BRF:0
BRH:0
end_of_record
TN:
SF:src/prompt.ts
FN:6,(anonymous_0)
FN:41,(anonymous_1)
FNF:2
FNH:0
FNDA:0,(anonymous_0)
FNDA:0,(anonymous_1)
DA:1,4
DA:2,4
DA:4,4
DA:6,4
DA:41,0
DA:282,4
LF:6
LH:5
BRDA:6,0,0,0
BRF:1
BRH:0
end_of_record
TN:
SF:src/server.ts
FN:20,(anonymous_1)
FN:24,(anonymous_2)
FN:28,(anonymous_3)
FN:37,(anonymous_4)
FNF:4
FNH:3
FNDA:6,(anonymous_1)
FNDA:8,(anonymous_2)
FNDA:8,(anonymous_3)
FNDA:0,(anonymous_4)
DA:1,4
DA:2,4
DA:3,4
DA:4,4
DA:5,4
DA:8,4
DA:10,4
DA:13,4
DA:14,4
DA:17,4
DA:20,4
DA:21,6
DA:24,4
DA:25,8
DA:28,4
DA:29,8
DA:33,4
DA:36,4
DA:37,0
DA:38,0
DA:43,4
LF:21
LH:19
BRDA:33,0,0,4
BRDA:33,0,1,4
BRDA:36,1,0,0
BRF:3
BRH:2
end_of_record
TN:
SF:src/stripindents.ts
FN:3,stripIndents
FN:5,(anonymous_1)
FN:16,_stripIndents
FN:19,(anonymous_3)
FNF:4
FNH:4
FNDA:4,stripIndents
FNDA:4,(anonymous_1)
FNDA:4,_stripIndents
FNDA:16,(anonymous_3)
DA:3,4
DA:4,4
DA:5,4
DA:6,4
DA:7,4
DA:10,4
DA:13,0
DA:17,4
DA:19,16
LF:9
LH:8
BRDA:4,0,0,4
BRDA:6,1,0,0
BRDA:6,1,1,4
BRDA:6,2,0,4
BRDA:6,2,1,4
BRF:5
BRH:4
end_of_record
TN:
SF:src/config/database.ts
FN:3,(anonymous_8)
FN:3,(anonymous_9)
FNF:2
FNH:2
FNDA:4,(anonymous_8)
FNDA:4,(anonymous_9)
DA:1,4
DA:3,4
DA:4,4
DA:6,4
DA:9,4
DA:16,4
DA:17,4
DA:19,4
DA:20,4
DA:21,0
DA:23,1
DA:28,0
DA:29,0
DA:32,0
DA:34,0
DA:35,0
DA:40,4
LF:17
LH:11
BRDA:6,0,0,4
BRDA:6,0,1,0
BRDA:16,1,0,4
BRDA:16,1,1,0
BRDA:34,2,0,0
BRF:5
BRH:2
end_of_record
TN:
SF:src/config/jwt.ts
FN:7,(anonymous_1)
FN:19,(anonymous_2)
FNF:2
FNH:2
FNDA:3,(anonymous_1)
FNDA:3,(anonymous_2)
DA:1,6
DA:4,6
DA:5,6
DA:7,6
DA:8,3
DA:19,6
DA:20,3
DA:21,3
DA:23,2
DA:27,6
LF:10
LH:10
BRDA:4,0,0,6
BRDA:4,0,1,2
BRF:2
BRH:2
end_of_record
TN:
SF:src/controllers/aiController.ts
FN:13,(anonymous_8)
FN:13,(anonymous_9)
FN:71,(anonymous_10)
FN:71,(anonymous_11)
FN:104,(anonymous_12)
FN:104,(anonymous_13)
FN:150,(anonymous_14)
FNF:7
FNH:0
FNDA:0,(anonymous_8)
FNDA:0,(anonymous_9)
FNDA:0,(anonymous_10)
FNDA:0,(anonymous_11)
FNDA:0,(anonymous_12)
FNDA:0,(anonymous_13)
FNDA:0,(anonymous_14)
DA:2,4
DA:3,4
DA:4,4
DA:5,4
DA:7,4
DA:8,4
DA:13,4
DA:14,0
DA:15,0
DA:18,0
DA:19,0
DA:22,0
DA:23,0
DA:26,0
DA:27,0
DA:36,0
DA:39,0
DA:40,0
DA:43,0
DA:45,0
DA:46,0
DA:50,0
DA:53,0
DA:54,0
DA:58,0
DA:61,0
DA:63,0
DA:64,0
DA:71,4
DA:72,0
DA:75,0
DA:76,0
DA:79,0
DA:80,0
DA:83,0
DA:84,0
DA:92,0
DA:96,0
DA:97,0
DA:104,4
DA:105,0
DA:108,0
DA:109,0
DA:112,0
DA:113,0
DA:117,0
DA:121,0
DA:122,0
DA:126,0
DA:128,0
DA:129,0
DA:130,0
DA:131,0
DA:134,0
DA:142,0
DA:145,0
DA:147,0
DA:148,0
DA:150,0
DA:153,0
DA:154,0
DA:156,0
DA:157,0
DA:161,4
LF:64
LH:10
BRDA:18,0,0,0
BRDA:22,1,0,0
BRDA:36,2,0,0
BRDA:36,2,1,0
BRDA:36,3,0,0
BRDA:36,3,1,0
BRDA:36,4,0,0
BRDA:36,4,1,0
BRDA:36,5,0,0
BRDA:36,5,1,0
BRDA:36,6,0,0
BRDA:36,6,1,0
BRDA:36,7,0,0
BRDA:36,7,1,0
BRDA:36,8,0,0
BRDA:36,8,1,0
BRDA:36,9,0,0
BRDA:36,9,1,0
BRDA:36,10,0,0
BRDA:36,10,1,0
BRDA:36,11,0,0
BRDA:36,11,1,0
BRDA:36,12,0,0
BRDA:36,12,1,0
BRDA:36,13,0,0
BRDA:36,13,1,0
BRDA:39,14,0,0
BRDA:45,15,0,0
BRDA:53,16,0,0
BRDA:63,17,0,0
BRDA:63,17,1,0
BRDA:63,18,0,0
BRDA:63,18,1,0
BRDA:63,19,0,0
BRDA:63,19,1,0
BRDA:63,20,0,0
BRDA:63,20,1,0
BRDA:63,21,0,0
BRDA:63,21,1,0
BRDA:75,22,0,0
BRDA:79,23,0,0
BRDA:79,24,0,0
BRDA:79,24,1,0
BRDA:93,25,0,0
BRDA:93,25,1,0
BRDA:93,26,0,0
BRDA:93,26,1,0
BRDA:93,27,0,0
BRDA:93,27,1,0
BRDA:93,28,0,0
BRDA:93,28,1,0
BRDA:93,29,0,0
BRDA:93,29,1,0
BRDA:93,30,0,0
BRDA:93,30,1,0
BRDA:93,31,0,0
BRDA:93,31,1,0
BRDA:93,32,0,0
BRDA:93,32,1,0
BRDA:93,33,0,0
BRDA:93,33,1,0
BRDA:93,34,0,0
BRDA:93,34,1,0
BRDA:93,35,0,0
BRDA:93,35,1,0
BRDA:93,36,0,0
BRDA:93,36,1,0
BRDA:93,37,0,0
BRDA:93,37,1,0
BRDA:96,38,0,0
BRDA:96,38,1,0
BRDA:96,39,0,0
BRDA:96,39,1,0
BRDA:96,40,0,0
BRDA:96,40,1,0
BRDA:96,41,0,0
BRDA:96,41,1,0
BRDA:96,42,0,0
BRDA:96,42,1,0
BRDA:108,43,0,0
BRDA:112,44,0,0
BRDA:112,45,0,0
BRDA:112,45,1,0
BRDA:117,46,0,0
BRDA:117,47,0,0
BRDA:117,47,1,0
BRDA:117,47,2,0
BRDA:121,48,0,0
BRDA:142,49,0,0
BRDA:142,49,1,0
BRDA:142,50,0,0
BRDA:142,50,1,0
BRDA:142,51,0,0
BRDA:142,51,1,0
BRDA:142,52,0,0
BRDA:142,52,1,0
BRDA:142,53,0,0
BRDA:142,53,1,0
BRDA:142,54,0,0
BRDA:142,54,1,0
BRDA:142,55,0,0
BRDA:142,55,1,0
BRDA:142,56,0,0
BRDA:142,56,1,0
BRDA:142,57,0,0
BRDA:142,57,1,0
BRDA:142,58,0,0
BRDA:142,58,1,0
BRDA:142,59,0,0
BRDA:142,59,1,0
BRDA:142,60,0,0
BRDA:142,60,1,0
BRDA:142,61,0,0
BRDA:142,61,1,0
BRDA:145,62,0,0
BRDA:145,62,1,0
BRDA:156,63,0,0
BRDA:156,63,1,0
BRDA:156,64,0,0
BRDA:156,64,1,0
BRDA:156,65,0,0
BRDA:156,65,1,0
BRDA:156,66,0,0
BRDA:156,66,1,0
BRDA:156,67,0,0
BRDA:156,67,1,0
BRF:126
BRH:0
end_of_record
TN:
SF:src/controllers/authController.ts
FN:9,(anonymous_8)
FN:9,(anonymous_9)
FN:52,(anonymous_10)
FN:52,(anonymous_11)
FN:92,(anonymous_12)
FN:92,(anonymous_13)
FNF:6
FNH:6
FNDA:5,(anonymous_8)
FNDA:5,(anonymous_9)
FNDA:7,(anonymous_10)
FNDA:7,(anonymous_11)
FNDA:3,(anonymous_12)
FNDA:3,(anonymous_13)
DA:2,5
DA:3,5
DA:4,5
DA:9,5
DA:10,5
DA:12,5
DA:13,5
DA:14,1
DA:17,4
DA:20,4
DA:22,3
DA:23,1
DA:27,2
DA:33,2
DA:34,1
DA:41,1
DA:44,1
DA:45,1
DA:52,7
DA:53,7
DA:55,7
DA:56,7
DA:57,1
DA:60,6
DA:63,6
DA:65,3
DA:66,1
DA:70,2
DA:72,2
DA:73,1
DA:77,1
DA:84,1
DA:85,1
DA:92,5
DA:93,3
DA:94,3
DA:96,2
DA:97,1
DA:103,1
DA:106,1
DA:107,1
DA:111,5
LF:42
LH:42
BRDA:13,0,0,1
BRDA:22,1,0,1
BRDA:33,2,0,1
BRDA:33,2,1,1
BRDA:56,3,0,1
BRDA:65,4,0,1
BRDA:72,5,0,1
BRDA:96,6,0,1
BRDA:96,6,1,1
BRF:9
BRH:9
end_of_record
TN:
SF:src/main/node.ts
FNF:0
FNH:0
DA:2,4
LF:1
LH:1
BRF:0
BRH:0
end_of_record
TN:
SF:src/main/react.ts
FNF:0
FNH:0
DA:2,4
LF:1
LH:1
BRF:0
BRH:0
end_of_record
TN:
SF:src/middleware/auth.ts
FN:14,(anonymous_8)
FN:14,(anonymous_9)
FNF:2
FNH:0
FNDA:0,(anonymous_8)
FNDA:0,(anonymous_9)
DA:2,4
DA:3,4
DA:14,4
DA:18,0
DA:19,0
DA:21,0
DA:24,0
DA:26,0
DA:27,0
DA:31,0
DA:33,0
DA:34,0
DA:38,0
DA:39,0
DA:41,0
DA:42,0
DA:46,0
DA:47,0
DA:51,4
LF:19
LH:4
BRDA:18,0,0,0
BRDA:18,1,0,0
BRDA:18,1,1,0
BRDA:26,2,0,0
BRDA:33,3,0,0
BRDA:46,4,0,0
BRF:6
BRH:0
end_of_record
TN:
SF:src/models/User.ts
FN:39,(anonymous_17)
FN:55,(anonymous_19)
FNF:2
FNH:0
FNDA:0,(anonymous_17)
FNDA:0,(anonymous_19)
DA:1,6
DA:2,6
DA:13,6
DA:39,6
DA:41,0
DA:43,0
DA:45,0
DA:47,0
DA:48,0
DA:50,0
DA:55,6
DA:56,0
DA:59,6
LF:13
LH:6
BRDA:41,0,0,0
BRF:1
BRH:0
end_of_record
TN:
SF:src/routes/aiRoutes.ts
FN:10,(anonymous_1)
FNF:1
FNH:0
FNDA:0,(anonymous_1)
DA:1,4
DA:2,4
DA:3,4
DA:5,4
DA:8,4
DA:10,0
DA:15,4
DA:20,4
DA:25,4
DA:27,4
LF:10
LH:9
BRDA:8,0,0,0
BRDA:8,0,1,4
BRF:2
BRH:1
end_of_record
TN:
SF:src/routes/apiRoutes.ts
FN:15,(anonymous_1)
FNF:1
FNH:0
FNDA:0,(anonymous_1)
DA:1,4
DA:2,4
DA:3,4
DA:4,4
DA:6,4
DA:9,4
DA:12,4
DA:15,4
DA:16,0
DA:19,4
LF:10
LH:9
BRF:0
BRH:0
end_of_record
TN:
SF:src/routes/authRoutes.ts
FNF:0
FNH:0
DA:1,4
DA:2,4
DA:3,4
DA:4,4
DA:6,4
DA:11,4
DA:24,4
DA:36,4
DA:38,4
LF:9
LH:9
BRF:0
BRH:0
end_of_record
